0 info it worked if it ends with ok
1 verbose cli [ 'C:\\Program Files\\nodejs\\\\node.exe',
1 verbose cli   'C:\\Program Files\\nodejs\\node_modules\\npm\\bin\\npm-cli.js',
1 verbose cli   'install',
1 verbose cli   'kendo-ui' ]
2 info using npm@2.9.1
3 info using node@v0.12.3
4 verbose node symlink C:\Program Files\nodejs\\node.exe
5 verbose install initial load of D:\users\beresnev\projects\NKA_NET3\nka_net3_web\NKAnet3.2\package.json
6 warn package.json assets@0.0.0 No description
7 warn package.json assets@0.0.0 No repository field.
8 warn package.json assets@0.0.0 No README data
9 verbose installManyTop reading scoped package data from D:\users\beresnev\projects\NKA_NET3\nka_net3_web\NKAnet3.2\node_modules\balanced-match\package.json
10 verbose installManyTop reading scoped package data from D:\users\beresnev\projects\NKA_NET3\nka_net3_web\NKAnet3.2\node_modules\concat-map\package.json
11 verbose installManyTop reading scoped package data from D:\users\beresnev\projects\NKA_NET3\nka_net3_web\NKAnet3.2\node_modules\grunt\package.json
12 verbose installManyTop reading scoped package data from D:\users\beresnev\projects\NKA_NET3\nka_net3_web\NKAnet3.2\node_modules\grunt-autoprefixer\package.json
13 verbose installManyTop reading scoped package data from D:\users\beresnev\projects\NKA_NET3\nka_net3_web\NKAnet3.2\node_modules\grunt-concurrent\package.json
14 verbose installManyTop reading scoped package data from D:\users\beresnev\projects\NKA_NET3\nka_net3_web\NKAnet3.2\node_modules\grunt-contrib-clean\package.json
15 verbose installManyTop reading scoped package data from D:\users\beresnev\projects\NKA_NET3\nka_net3_web\NKAnet3.2\node_modules\grunt-contrib-concat\package.json
16 verbose installManyTop reading scoped package data from D:\users\beresnev\projects\NKA_NET3\nka_net3_web\NKAnet3.2\node_modules\grunt-contrib-connect\package.json
17 verbose installManyTop reading scoped package data from D:\users\beresnev\projects\NKA_NET3\nka_net3_web\NKAnet3.2\node_modules\grunt-contrib-copy\package.json
18 verbose installManyTop reading scoped package data from D:\users\beresnev\projects\NKA_NET3\nka_net3_web\NKAnet3.2\node_modules\grunt-contrib-cssmin\package.json
19 verbose installManyTop reading scoped package data from D:\users\beresnev\projects\NKA_NET3\nka_net3_web\NKAnet3.2\node_modules\grunt-contrib-htmlmin\package.json
20 verbose installManyTop reading scoped package data from D:\users\beresnev\projects\NKA_NET3\nka_net3_web\NKAnet3.2\node_modules\grunt-contrib-imagemin\package.json
21 verbose installManyTop reading scoped package data from D:\users\beresnev\projects\NKA_NET3\nka_net3_web\NKAnet3.2\node_modules\grunt-contrib-jshint\package.json
22 verbose installManyTop reading scoped package data from D:\users\beresnev\projects\NKA_NET3\nka_net3_web\NKAnet3.2\node_modules\grunt-contrib-uglify\package.json
23 verbose installManyTop reading scoped package data from D:\users\beresnev\projects\NKA_NET3\nka_net3_web\NKAnet3.2\node_modules\grunt-contrib-watch\package.json
24 verbose installManyTop reading scoped package data from D:\users\beresnev\projects\NKA_NET3\nka_net3_web\NKAnet3.2\node_modules\grunt-filerev\package.json
25 verbose installManyTop reading scoped package data from D:\users\beresnev\projects\NKA_NET3\nka_net3_web\NKAnet3.2\node_modules\grunt-google-cdn\package.json
26 verbose installManyTop reading scoped package data from D:\users\beresnev\projects\NKA_NET3\nka_net3_web\NKAnet3.2\node_modules\grunt-karma\package.json
27 verbose installManyTop reading scoped package data from D:\users\beresnev\projects\NKA_NET3\nka_net3_web\NKAnet3.2\node_modules\grunt-newer\package.json
28 verbose installManyTop reading scoped package data from D:\users\beresnev\projects\NKA_NET3\nka_net3_web\NKAnet3.2\node_modules\grunt-ng-annotate\package.json
29 verbose installManyTop reading scoped package data from D:\users\beresnev\projects\NKA_NET3\nka_net3_web\NKAnet3.2\node_modules\grunt-svgmin\package.json
30 verbose installManyTop reading scoped package data from D:\users\beresnev\projects\NKA_NET3\nka_net3_web\NKAnet3.2\node_modules\grunt-usemin\package.json
31 verbose installManyTop reading scoped package data from D:\users\beresnev\projects\NKA_NET3\nka_net3_web\NKAnet3.2\node_modules\grunt-wiredep\package.json
32 verbose installManyTop reading scoped package data from D:\users\beresnev\projects\NKA_NET3\nka_net3_web\NKAnet3.2\node_modules\imagemin-gifsicle\package.json
33 verbose installManyTop reading scoped package data from D:\users\beresnev\projects\NKA_NET3\nka_net3_web\NKAnet3.2\node_modules\imagemin-jpegtran\package.json
34 verbose installManyTop reading scoped package data from D:\users\beresnev\projects\NKA_NET3\nka_net3_web\NKAnet3.2\node_modules\imagemin-optipng\package.json
35 verbose installManyTop reading scoped package data from D:\users\beresnev\projects\NKA_NET3\nka_net3_web\NKAnet3.2\node_modules\imagemin-pngquant\package.json
36 verbose installManyTop reading scoped package data from D:\users\beresnev\projects\NKA_NET3\nka_net3_web\NKAnet3.2\node_modules\jasmine-core\package.json
37 verbose installManyTop reading scoped package data from D:\users\beresnev\projects\NKA_NET3\nka_net3_web\NKAnet3.2\node_modules\jshint-stylish\package.json
38 verbose installManyTop reading scoped package data from D:\users\beresnev\projects\NKA_NET3\nka_net3_web\NKAnet3.2\node_modules\karma\package.json
39 verbose installManyTop reading scoped package data from D:\users\beresnev\projects\NKA_NET3\nka_net3_web\NKAnet3.2\node_modules\karma-jasmine\package.json
40 verbose installManyTop reading scoped package data from D:\users\beresnev\projects\NKA_NET3\nka_net3_web\NKAnet3.2\node_modules\karma-phantomjs-launcher\package.json
41 verbose installManyTop reading scoped package data from D:\users\beresnev\projects\NKA_NET3\nka_net3_web\NKAnet3.2\node_modules\load-grunt-tasks\package.json
42 verbose installManyTop reading scoped package data from D:\users\beresnev\projects\NKA_NET3\nka_net3_web\NKAnet3.2\node_modules\time-grunt\package.json
43 warn package.json karma-phantomjs-launcher@0.1.4 No README data
44 verbose readDependencies loading dependencies from D:\users\beresnev\projects\NKA_NET3\nka_net3_web\NKAnet3.2\package.json
45 silly cache add args [ 'kendo-ui', null ]
46 verbose cache add spec kendo-ui
47 silly cache add parsed spec { raw: 'kendo-ui',
47 silly cache add   scope: null,
47 silly cache add   name: 'kendo-ui',
47 silly cache add   rawSpec: '',
47 silly cache add   spec: '*',
47 silly cache add   type: 'range' }
48 silly addNamed kendo-ui@*
49 verbose addNamed "*" is a valid semver range for kendo-ui
50 silly addNameRange { name: 'kendo-ui', range: '*', hasData: false }
51 silly mapToRegistry name kendo-ui
52 silly mapToRegistry using default registry
53 silly mapToRegistry registry https://registry.npmjs.org/
54 silly mapToRegistry uri https://registry.npmjs.org/kendo-ui
55 verbose addNameRange registry:https://registry.npmjs.org/kendo-ui not in flight; fetching
56 verbose request uri https://registry.npmjs.org/kendo-ui
57 verbose request no auth needed
58 info attempt registry request try #1 at 16:21:06
59 verbose request id ad6015e3bd6f196c
60 http request GET https://registry.npmjs.org/kendo-ui
61 http 404 https://registry.npmjs.org/kendo-ui
62 verbose headers { 'content-type': 'application/json',
62 verbose headers   'cache-control': 'max-age=0',
62 verbose headers   'content-length': '2',
62 verbose headers   'accept-ranges': 'bytes',
62 verbose headers   date: 'Wed, 30 Sep 2015 13:21:59 GMT',
62 verbose headers   via: '1.1 varnish',
62 verbose headers   age: '0',
62 verbose headers   connection: 'keep-alive',
62 verbose headers   'x-served-by': 'cache-fra1221-FRA',
62 verbose headers   'x-cache': 'MISS',
62 verbose headers   'x-cache-hits': '0',
62 verbose headers   'x-timer': 'S1443619319.034895,VS0,VE103' }
63 silly get cb [ 404,
63 silly get   { 'content-type': 'application/json',
63 silly get     'cache-control': 'max-age=0',
63 silly get     'content-length': '2',
63 silly get     'accept-ranges': 'bytes',
63 silly get     date: 'Wed, 30 Sep 2015 13:21:59 GMT',
63 silly get     via: '1.1 varnish',
63 silly get     age: '0',
63 silly get     connection: 'keep-alive',
63 silly get     'x-served-by': 'cache-fra1221-FRA',
63 silly get     'x-cache': 'MISS',
63 silly get     'x-cache-hits': '0',
63 silly get     'x-timer': 'S1443619319.034895,VS0,VE103' } ]
64 verbose stack Error: Registry returned 404 for GET on https://registry.npmjs.org/kendo-ui
64 verbose stack     at CachingRegistryClient.<anonymous> (C:\Program Files\nodejs\node_modules\npm\node_modules\npm-registry-client\lib\request.js:239:14)
64 verbose stack     at Request._callback (C:\Program Files\nodejs\node_modules\npm\node_modules\npm-registry-client\lib\request.js:170:14)
64 verbose stack     at Request.self.callback (C:\Program Files\nodejs\node_modules\npm\node_modules\request\request.js:368:22)
64 verbose stack     at Request.emit (events.js:110:17)
64 verbose stack     at Request.<anonymous> (C:\Program Files\nodejs\node_modules\npm\node_modules\request\request.js:1219:14)
64 verbose stack     at Request.emit (events.js:129:20)
64 verbose stack     at IncomingMessage.<anonymous> (C:\Program Files\nodejs\node_modules\npm\node_modules\request\request.js:1167:12)
64 verbose stack     at IncomingMessage.emit (events.js:129:20)
64 verbose stack     at _stream_readable.js:908:16
64 verbose stack     at process._tickCallback (node.js:355:11)
65 verbose statusCode 404
66 verbose pkgid kendo-ui
67 verbose cwd D:\users\beresnev\projects\NKA_NET3\nka_net3_web\NKAnet3.2
68 error Windows_NT 6.1.7601
69 error argv "C:\\Program Files\\nodejs\\\\node.exe" "C:\\Program Files\\nodejs\\node_modules\\npm\\bin\\npm-cli.js" "install" "kendo-ui"
70 error node v0.12.3
71 error npm  v2.9.1
72 error code E404
73 error 404 Registry returned 404 for GET on https://registry.npmjs.org/kendo-ui
73 error 404
73 error 404 'kendo-ui' is not in the npm registry.
73 error 404 You should bug the author to publish it (or use the name yourself!)
73 error 404 It was specified as a dependency of 'assets'
73 error 404
73 error 404 Note that you can also install from a
73 error 404 tarball, folder, http url, or git url.
74 verbose exit [ 1, true ]
